# JRE version: OpenJDK Runtime Environment (8.0_111-b14) (build 1.8.0_111-8u111-b14-2ubuntu0.16.04.2-b14)
# Java VM: OpenJDK 64-Bit Server VM (25.111-b14 mixed mode linux-amd64 compressed oops)
Heap:
 PSYoungGen      total 91648K, used 0K [0x00000000eab00000, 0x00000000f4f80000, 0x0000000100000000)
  eden space 62464K, 0% used [0x00000000eab00000,0x00000000eab00000,0x00000000ee800000)
  from space 29184K, 0% used [0x00000000ee800000,0x00000000ee800000,0x00000000f0480000)
  to   space 41472K, 0% used [0x00000000f2700000,0x00000000f2700000,0x00000000f4f80000)
 ParOldGen       total 61440K, used 53355K [0x00000000c0000000, 0x00000000c3c00000, 0x00000000eab00000)
  object space 61440K, 86% used [0x00000000c0000000,0x00000000c341ad78,0x00000000c3c00000)
 Metaspace       used 5807K, capacity 6960K, committed 7040K, reserved 1056768K
  class space    used 568K, capacity 616K, committed 640K, reserved 1048576K
GC Heap History (10 events):
Event: 5,044 GC heap after
Heap after GC invocations=6 (full 0):
 PSYoungGen      total 59392K, used 12284K [0x00000000eab00000, 0x00000000efd00000, 0x0000000100000000)
  eden space 47104K, 0% used [0x00000000eab00000,0x00000000eab00000,0x00000000ed900000)
  from space 12288K, 99% used [0x00000000ee900000,0x00000000ef4ff018,0x00000000ef500000)
  to   space 16384K, 0% used [0x00000000ed900000,0x00000000ed900000,0x00000000ee900000)
 ParOldGen       total 34304K, used 24984K [0x00000000c0000000, 0x00000000c2180000, 0x00000000eab00000)
  object space 34304K, 72% used [0x00000000c0000000,0x00000000c1866258,0x00000000c2180000)
 Metaspace       used 5685K, capacity 6896K, committed 7040K, reserved 1056768K
  class space    used 568K, capacity 616K, committed 640K, reserved 1048576K
}
Event: 5,044 GC heap before
{Heap before GC invocations=7 (full 1):
 PSYoungGen      total 59392K, used 12284K [0x00000000eab00000, 0x00000000efd00000, 0x0000000100000000)
  eden space 47104K, 0% used [0x00000000eab00000,0x00000000eab00000,0x00000000ed900000)
  from space 12288K, 99% used [0x00000000ee900000,0x00000000ef4ff018,0x00000000ef500000)
  to   space 16384K, 0% used [0x00000000ed900000,0x00000000ed900000,0x00000000ee900000)
 ParOldGen       total 34304K, used 24984K [0x00000000c0000000, 0x00000000c2180000, 0x00000000eab00000)
  object space 34304K, 72% used [0x00000000c0000000,0x00000000c1866258,0x00000000c2180000)
 Metaspace       used 5685K, capacity 6896K, committed 7040K, reserved 1056768K
  class space    used 568K, capacity 616K, committed 640K, reserved 1048576K
Event: 5,703 GC heap after
Heap after GC invocations=7 (full 1):
 PSYoungGen      total 59392K, used 0K [0x00000000eab00000, 0x00000000efd00000, 0x0000000100000000)
  eden space 47104K, 0% used [0x00000000eab00000,0x00000000eab00000,0x00000000ed900000)
  from space 12288K, 0% used [0x00000000ee900000,0x00000000ee900000,0x00000000ef500000)
  to   space 16384K, 0% used [0x00000000ed900000,0x00000000ed900000,0x00000000ee900000)
 ParOldGen       total 57856K, used 28897K [0x00000000c0000000, 0x00000000c3880000, 0x00000000eab00000)
  object space 57856K, 49% used [0x00000000c0000000,0x00000000c1c384d0,0x00000000c3880000)
 Metaspace       used 5685K, capacity 6896K, committed 7040K, reserved 1056768K
  class space    used 568K, capacity 616K, committed 640K, reserved 1048576K
}
Event: 6,659 GC heap before
{Heap before GC invocations=8 (full 1):
 PSYoungGen      total 59392K, used 47104K [0x00000000eab00000, 0x00000000efd00000, 0x0000000100000000)
  eden space 47104K, 100% used [0x00000000eab00000,0x00000000ed900000,0x00000000ed900000)
  from space 12288K, 0% used [0x00000000ee900000,0x00000000ee900000,0x00000000ef500000)
  to   space 16384K, 0% used [0x00000000ed900000,0x00000000ed900000,0x00000000ee900000)
 ParOldGen       total 57856K, used 28897K [0x00000000c0000000, 0x00000000c3880000, 0x00000000eab00000)
  object space 57856K, 49% used [0x00000000c0000000,0x00000000c1c384d0,0x00000000c3880000)
 Metaspace       used 5741K, capacity 6896K, committed 7040K, reserved 1056768K
  class space    used 568K, capacity 616K, committed 640K, reserved 1048576K
Event: 6,825 GC heap after
Heap after GC invocations=8 (full 1):
 PSYoungGen      total 63488K, used 16371K [0x00000000eab00000, 0x00000000f1800000, 0x0000000100000000)
  eden space 47104K, 0% used [0x00000000eab00000,0x00000000eab00000,0x00000000ed900000)
  from space 16384K, 99% used [0x00000000ed900000,0x00000000ee8fcf78,0x00000000ee900000)
  to   space 19968K, 0% used [0x00000000f0480000,0x00000000f0480000,0x00000000f1800000)
 ParOldGen       total 57856K, used 29690K [0x00000000c0000000, 0x00000000c3880000, 0x00000000eab00000)
  object space 57856K, 51% used [0x00000000c0000000,0x00000000c1cfe9b0,0x00000000c3880000)
 Metaspace       used 5741K, capacity 6896K, committed 7040K, reserved 1056768K
  class space    used 568K, capacity 616K, committed 640K, reserved 1048576K
}
Event: 7,747 GC heap before
{Heap before GC invocations=9 (full 1):
 PSYoungGen      total 63488K, used 63475K [0x00000000eab00000, 0x00000000f1800000, 0x0000000100000000)
  eden space 47104K, 100% used [0x00000000eab00000,0x00000000ed900000,0x00000000ed900000)
  from space 16384K, 99% used [0x00000000ed900000,0x00000000ee8fcf78,0x00000000ee900000)
  to   space 19968K, 0% used [0x00000000f0480000,0x00000000f0480000,0x00000000f1800000)
 ParOldGen       total 57856K, used 29690K [0x00000000c0000000, 0x00000000c3880000, 0x00000000eab00000)
  object space 57856K, 51% used [0x00000000c0000000,0x00000000c1cfe9b0,0x00000000c3880000)
 Metaspace       used 5793K, capacity 6960K, committed 7040K, reserved 1056768K
  class space    used 568K, capacity 616K, committed 640K, reserved 1048576K
Event: 8,025 GC heap after
Heap after GC invocations=9 (full 1):
 PSYoungGen      total 82432K, used 19944K [0x00000000eab00000, 0x00000000f2c80000, 0x0000000100000000)
  eden space 62464K, 0% used [0x00000000eab00000,0x00000000eab00000,0x00000000ee800000)
  from space 19968K, 99% used [0x00000000f0480000,0x00000000f17fa0f8,0x00000000f1800000)
  to   space 29184K, 0% used [0x00000000ee800000,0x00000000ee800000,0x00000000f0480000)
 ParOldGen       total 57856K, used 42586K [0x00000000c0000000, 0x00000000c3880000, 0x00000000eab00000)
  object space 57856K, 73% used [0x00000000c0000000,0x00000000c2996bf8,0x00000000c3880000)
 Metaspace       used 5793K, capacity 6960K, committed 7040K, reserved 1056768K
  class space    used 568K, capacity 616K, committed 640K, reserved 1048576K
}
Event: 8,993 GC heap before
{Heap before GC invocations=10 (full 1):
 PSYoungGen      total 82432K, used 82408K [0x00000000eab00000, 0x00000000f2c80000, 0x0000000100000000)
  eden space 62464K, 100% used [0x00000000eab00000,0x00000000ee800000,0x00000000ee800000)
  from space 19968K, 99% used [0x00000000f0480000,0x00000000f17fa0f8,0x00000000f1800000)
  to   space 29184K, 0% used [0x00000000ee800000,0x00000000ee800000,0x00000000f0480000)
 ParOldGen       total 57856K, used 42586K [0x00000000c0000000, 0x00000000c3880000, 0x00000000eab00000)
  object space 57856K, 73% used [0x00000000c0000000,0x00000000c2996bf8,0x00000000c3880000)
 Metaspace       used 5807K, capacity 6960K, committed 7040K, reserved 1056768K
  class space    used 568K, capacity 616K, committed 640K, reserved 1048576K
Event: 9,320 GC heap after
Heap after GC invocations=10 (full 1):
 PSYoungGen      total 91648K, used 29176K [0x00000000eab00000, 0x00000000f4f80000, 0x0000000100000000)
  eden space 62464K, 0% used [0x00000000eab00000,0x00000000eab00000,0x00000000ee800000)
  from space 29184K, 99% used [0x00000000ee800000,0x00000000f047e288,0x00000000f0480000)
  to   space 41472K, 0% used [0x00000000f2700000,0x00000000f2700000,0x00000000f4f80000)
 ParOldGen       total 61440K, used 61242K [0x00000000c0000000, 0x00000000c3c00000, 0x00000000eab00000)
  object space 61440K, 99% used [0x00000000c0000000,0x00000000c3bcead8,0x00000000c3c00000)
 Metaspace       used 5807K, capacity 6960K, committed 7040K, reserved 1056768K
  class space    used 568K, capacity 616K, committed 640K, reserved 1048576K
}
Event: 9,320 GC heap before
{Heap before GC invocations=11 (full 2):
 PSYoungGen      total 91648K, used 29176K [0x00000000eab00000, 0x00000000f4f80000, 0x0000000100000000)
  eden space 62464K, 0% used [0x00000000eab00000,0x00000000eab00000,0x00000000ee800000)
  from space 29184K, 99% used [0x00000000ee800000,0x00000000f047e288,0x00000000f0480000)
  to   space 41472K, 0% used [0x00000000f2700000,0x00000000f2700000,0x00000000f4f80000)
 ParOldGen       total 61440K, used 61242K [0x00000000c0000000, 0x00000000c3c00000, 0x00000000eab00000)
  object space 61440K, 99% used [0x00000000c0000000,0x00000000c3bcead8,0x00000000c3c00000)
 Metaspace       used 5807K, capacity 6960K, committed 7040K, reserved 1056768K
  class space    used 568K, capacity 616K, committed 640K, reserved 1048576K

