# JRE version: OpenJDK Runtime Environment (8.0_111-b14) (build 1.8.0_111-8u111-b14-2ubuntu0.16.04.2-b14)
# Java VM: OpenJDK 64-Bit Server VM (25.111-b14 mixed mode linux-amd64 compressed oops)
Heap:
 PSYoungGen      total 113664K, used 12795K [0x00000000eab00000, 0x00000000f2800000, 0x0000000100000000)
  eden space 100864K, 0% used [0x00000000eab00000,0x00000000eab00000,0x00000000f0d80000)
  from space 12800K, 99% used [0x00000000f0d80000,0x00000000f19feca8,0x00000000f1a00000)
  to   space 11264K, 0% used [0x00000000f1a00000,0x00000000f1a00000,0x00000000f2500000)
 ParOldGen       total 34304K, used 28962K [0x00000000c0000000, 0x00000000c2180000, 0x00000000eab00000)
  object space 34304K, 84% used [0x00000000c0000000,0x00000000c1c48a28,0x00000000c2180000)
 Metaspace       used 6112K, capacity 7024K, committed 7296K, reserved 1056768K
  class space    used 587K, capacity 616K, committed 640K, reserved 1048576K
GC Heap History (10 events):
Event: 2,007 GC heap after
Heap after GC invocations=2 (full 0):
 PSYoungGen      total 27648K, used 2039K [0x00000000eab00000, 0x00000000ec800000, 0x0000000100000000)
  eden space 25600K, 0% used [0x00000000eab00000,0x00000000eab00000,0x00000000ec400000)
  from space 2048K, 99% used [0x00000000ec600000,0x00000000ec7fdc78,0x00000000ec800000)
  to   space 2048K, 0% used [0x00000000ec400000,0x00000000ec400000,0x00000000ec600000)
 ParOldGen       total 34304K, used 1314K [0x00000000c0000000, 0x00000000c2180000, 0x00000000eab00000)
  object space 34304K, 3% used [0x00000000c0000000,0x00000000c0148a18,0x00000000c2180000)
 Metaspace       used 5443K, capacity 6448K, committed 6528K, reserved 1056768K
  class space    used 581K, capacity 616K, committed 640K, reserved 1048576K
}
Event: 3,678 GC heap before
{Heap before GC invocations=3 (full 0):
 PSYoungGen      total 27648K, used 27639K [0x00000000eab00000, 0x00000000ec800000, 0x0000000100000000)
  eden space 25600K, 100% used [0x00000000eab00000,0x00000000ec400000,0x00000000ec400000)
  from space 2048K, 99% used [0x00000000ec600000,0x00000000ec7fdc78,0x00000000ec800000)
  to   space 2048K, 0% used [0x00000000ec400000,0x00000000ec400000,0x00000000ec600000)
 ParOldGen       total 34304K, used 1314K [0x00000000c0000000, 0x00000000c2180000, 0x00000000eab00000)
  object space 34304K, 3% used [0x00000000c0000000,0x00000000c0148a18,0x00000000c2180000)
 Metaspace       used 5809K, capacity 6768K, committed 7040K, reserved 1056768K
  class space    used 586K, capacity 616K, committed 640K, reserved 1048576K
Event: 3,721 GC heap after
Heap after GC invocations=3 (full 0):
 PSYoungGen      total 27648K, used 2032K [0x00000000eab00000, 0x00000000ee100000, 0x0000000100000000)
  eden space 25600K, 0% used [0x00000000eab00000,0x00000000eab00000,0x00000000ec400000)
  from space 2048K, 99% used [0x00000000ec400000,0x00000000ec5fc168,0x00000000ec600000)
  to   space 2048K, 0% used [0x00000000edf00000,0x00000000edf00000,0x00000000ee100000)
 ParOldGen       total 34304K, used 5944K [0x00000000c0000000, 0x00000000c2180000, 0x00000000eab00000)
  object space 34304K, 17% used [0x00000000c0000000,0x00000000c05ce090,0x00000000c2180000)
 Metaspace       used 5809K, capacity 6768K, committed 7040K, reserved 1056768K
  class space    used 586K, capacity 616K, committed 640K, reserved 1048576K
}
Event: 4,419 GC heap before
{Heap before GC invocations=4 (full 0):
 PSYoungGen      total 27648K, used 27632K [0x00000000eab00000, 0x00000000ee100000, 0x0000000100000000)
  eden space 25600K, 100% used [0x00000000eab00000,0x00000000ec400000,0x00000000ec400000)
  from space 2048K, 99% used [0x00000000ec400000,0x00000000ec5fc168,0x00000000ec600000)
  to   space 2048K, 0% used [0x00000000edf00000,0x00000000edf00000,0x00000000ee100000)
 ParOldGen       total 34304K, used 5944K [0x00000000c0000000, 0x00000000c2180000, 0x00000000eab00000)
  object space 34304K, 17% used [0x00000000c0000000,0x00000000c05ce090,0x00000000c2180000)
 Metaspace       used 5835K, capacity 6768K, committed 7040K, reserved 1056768K
  class space    used 586K, capacity 616K, committed 640K, reserved 1048576K
Event: 4,493 GC heap after
Heap after GC invocations=4 (full 0):
 PSYoungGen      total 53248K, used 2041K [0x00000000eab00000, 0x00000000ee100000, 0x0000000100000000)
  eden space 51200K, 0% used [0x00000000eab00000,0x00000000eab00000,0x00000000edd00000)
  from space 2048K, 99% used [0x00000000edf00000,0x00000000ee0fe430,0x00000000ee100000)
  to   space 2048K, 0% used [0x00000000edd00000,0x00000000edd00000,0x00000000edf00000)
 ParOldGen       total 34304K, used 9416K [0x00000000c0000000, 0x00000000c2180000, 0x00000000eab00000)
  object space 34304K, 27% used [0x00000000c0000000,0x00000000c0932268,0x00000000c2180000)
 Metaspace       used 5835K, capacity 6768K, committed 7040K, reserved 1056768K
  class space    used 586K, capacity 616K, committed 640K, reserved 1048576K
}
Event: 5,818 GC heap before
{Heap before GC invocations=5 (full 0):
 PSYoungGen      total 53248K, used 53241K [0x00000000eab00000, 0x00000000ee100000, 0x0000000100000000)
  eden space 51200K, 100% used [0x00000000eab00000,0x00000000edd00000,0x00000000edd00000)
  from space 2048K, 99% used [0x00000000edf00000,0x00000000ee0fe430,0x00000000ee100000)
  to   space 2048K, 0% used [0x00000000edd00000,0x00000000edd00000,0x00000000edf00000)
 ParOldGen       total 34304K, used 9416K [0x00000000c0000000, 0x00000000c2180000, 0x00000000eab00000)
  object space 34304K, 27% used [0x00000000c0000000,0x00000000c0932268,0x00000000c2180000)
 Metaspace       used 5915K, capacity 6832K, committed 7040K, reserved 1056768K
  class space    used 587K, capacity 616K, committed 640K, reserved 1048576K
Event: 5,942 GC heap after
Heap after GC invocations=5 (full 0):
 PSYoungGen      total 53248K, used 2025K [0x00000000eab00000, 0x00000000f2500000, 0x0000000100000000)
  eden space 51200K, 0% used [0x00000000eab00000,0x00000000eab00000,0x00000000edd00000)
  from space 2048K, 98% used [0x00000000edd00000,0x00000000edefa440,0x00000000edf00000)
  to   space 11264K, 0% used [0x00000000f1a00000,0x00000000f1a00000,0x00000000f2500000)
 ParOldGen       total 34304K, used 16965K [0x00000000c0000000, 0x00000000c2180000, 0x00000000eab00000)
  object space 34304K, 49% used [0x00000000c0000000,0x00000000c1091400,0x00000000c2180000)
 Metaspace       used 5915K, capacity 6832K, committed 7040K, reserved 1056768K
  class space    used 587K, capacity 616K, committed 640K, reserved 1048576K
}
Event: 6,809 GC heap before
{Heap before GC invocations=6 (full 0):
 PSYoungGen      total 53248K, used 53225K [0x00000000eab00000, 0x00000000f2500000, 0x0000000100000000)
  eden space 51200K, 100% used [0x00000000eab00000,0x00000000edd00000,0x00000000edd00000)
  from space 2048K, 98% used [0x00000000edd00000,0x00000000edefa440,0x00000000edf00000)
  to   space 11264K, 0% used [0x00000000f1a00000,0x00000000f1a00000,0x00000000f2500000)
 ParOldGen       total 34304K, used 16965K [0x00000000c0000000, 0x00000000c2180000, 0x00000000eab00000)
  object space 34304K, 49% used [0x00000000c0000000,0x00000000c1091400,0x00000000c2180000)
 Metaspace       used 5974K, capacity 6896K, committed 7040K, reserved 1056768K
  class space    used 587K, capacity 616K, committed 640K, reserved 1048576K
Event: 6,980 GC heap after
Heap after GC invocations=6 (full 0):
 PSYoungGen      total 112128K, used 9426K [0x00000000eab00000, 0x00000000f2800000, 0x0000000100000000)
  eden space 100864K, 0% used [0x00000000eab00000,0x00000000eab00000,0x00000000f0d80000)
  from space 11264K, 83% used [0x00000000f1a00000,0x00000000f2334a70,0x00000000f2500000)
  to   space 12800K, 0% used [0x00000000f0d80000,0x00000000f0d80000,0x00000000f1a00000)
 ParOldGen       total 34304K, used 16965K [0x00000000c0000000, 0x00000000c2180000, 0x00000000eab00000)
  object space 34304K, 49% used [0x00000000c0000000,0x00000000c1091400,0x00000000c2180000)
 Metaspace       used 5974K, capacity 6896K, committed 7040K, reserved 1056768K
  class space    used 587K, capacity 616K, committed 640K, reserved 1048576K
}
Event: 8,754 GC heap before
{Heap before GC invocations=7 (full 0):
 PSYoungGen      total 112128K, used 110290K [0x00000000eab00000, 0x00000000f2800000, 0x0000000100000000)
  eden space 100864K, 100% used [0x00000000eab00000,0x00000000f0d80000,0x00000000f0d80000)
  from space 11264K, 83% used [0x00000000f1a00000,0x00000000f2334a70,0x00000000f2500000)
  to   space 12800K, 0% used [0x00000000f0d80000,0x00000000f0d80000,0x00000000f1a00000)
 ParOldGen       total 34304K, used 16965K [0x00000000c0000000, 0x00000000c2180000, 0x00000000eab00000)
  object space 34304K, 49% used [0x00000000c0000000,0x00000000c1091400,0x00000000c2180000)
 Metaspace       used 6112K, capacity 7024K, committed 7296K, reserved 1056768K
  class space    used 587K, capacity 616K, committed 640K, reserved 1048576K

