# JRE version: OpenJDK Runtime Environment (8.0_91-b14) (build 1.8.0_91-8u91-b14-3ubuntu1~16.04.1-b14)
# Java VM: OpenJDK 64-Bit Server VM (25.91-b14 mixed mode linux-amd64 compressed oops)
Heap:
 PSYoungGen      total 113152K, used 12768K [0x00000000eab00000, 0x00000000f2800000, 0x0000000100000000)
  eden space 100352K, 0% used [0x00000000eab00000,0x00000000eab00000,0x00000000f0d00000)
  from space 12800K, 99% used [0x00000000f0d00000,0x00000000f1978210,0x00000000f1980000)
  to   space 10752K, 0% used [0x00000000f1980000,0x00000000f1980000,0x00000000f2400000)
 ParOldGen       total 34304K, used 27927K [0x00000000c0000000, 0x00000000c2180000, 0x00000000eab00000)
  object space 34304K, 81% used [0x00000000c0000000,0x00000000c1b45d48,0x00000000c2180000)
 Metaspace       used 6176K, capacity 7088K, committed 7296K, reserved 1056768K
  class space    used 588K, capacity 616K, committed 640K, reserved 1048576K
GC Heap History (10 events):
Event: 1,545 GC heap after
Heap after GC invocations=2 (full 0):
 PSYoungGen      total 27648K, used 2044K [0x00000000eab00000, 0x00000000ec800000, 0x0000000100000000)
  eden space 25600K, 0% used [0x00000000eab00000,0x00000000eab00000,0x00000000ec400000)
  from space 2048K, 99% used [0x00000000ec600000,0x00000000ec7ff1e8,0x00000000ec800000)
  to   space 2048K, 0% used [0x00000000ec400000,0x00000000ec400000,0x00000000ec600000)
 ParOldGen       total 34304K, used 1967K [0x00000000c0000000, 0x00000000c2180000, 0x00000000eab00000)
  object space 34304K, 5% used [0x00000000c0000000,0x00000000c01ebdb8,0x00000000c2180000)
 Metaspace       used 5605K, capacity 6704K, committed 6784K, reserved 1056768K
  class space    used 567K, capacity 616K, committed 640K, reserved 1048576K
}
Event: 2,479 GC heap before
{Heap before GC invocations=3 (full 0):
 PSYoungGen      total 27648K, used 27644K [0x00000000eab00000, 0x00000000ec800000, 0x0000000100000000)
  eden space 25600K, 100% used [0x00000000eab00000,0x00000000ec400000,0x00000000ec400000)
  from space 2048K, 99% used [0x00000000ec600000,0x00000000ec7ff1e8,0x00000000ec800000)
  to   space 2048K, 0% used [0x00000000ec400000,0x00000000ec400000,0x00000000ec600000)
 ParOldGen       total 34304K, used 1967K [0x00000000c0000000, 0x00000000c2180000, 0x00000000eab00000)
  object space 34304K, 5% used [0x00000000c0000000,0x00000000c01ebdb8,0x00000000c2180000)
 Metaspace       used 5741K, capacity 6832K, committed 7040K, reserved 1056768K
  class space    used 568K, capacity 616K, committed 640K, reserved 1048576K
Event: 2,605 GC heap after
Heap after GC invocations=3 (full 0):
 PSYoungGen      total 27648K, used 2041K [0x00000000eab00000, 0x00000000ee100000, 0x0000000100000000)
  eden space 25600K, 0% used [0x00000000eab00000,0x00000000eab00000,0x00000000ec400000)
  from space 2048K, 99% used [0x00000000ec400000,0x00000000ec5fe580,0x00000000ec600000)
  to   space 2048K, 0% used [0x00000000edf00000,0x00000000edf00000,0x00000000ee100000)
 ParOldGen       total 34304K, used 6354K [0x00000000c0000000, 0x00000000c2180000, 0x00000000eab00000)
  object space 34304K, 18% used [0x00000000c0000000,0x00000000c06349d8,0x00000000c2180000)
 Metaspace       used 5741K, capacity 6832K, committed 7040K, reserved 1056768K
  class space    used 568K, capacity 616K, committed 640K, reserved 1048576K
}
Event: 3,059 GC heap before
{Heap before GC invocations=4 (full 0):
 PSYoungGen      total 27648K, used 27641K [0x00000000eab00000, 0x00000000ee100000, 0x0000000100000000)
  eden space 25600K, 100% used [0x00000000eab00000,0x00000000ec400000,0x00000000ec400000)
  from space 2048K, 99% used [0x00000000ec400000,0x00000000ec5fe580,0x00000000ec600000)
  to   space 2048K, 0% used [0x00000000edf00000,0x00000000edf00000,0x00000000ee100000)
 ParOldGen       total 34304K, used 6354K [0x00000000c0000000, 0x00000000c2180000, 0x00000000eab00000)
  object space 34304K, 18% used [0x00000000c0000000,0x00000000c06349d8,0x00000000c2180000)
 Metaspace       used 5782K, capacity 6832K, committed 7040K, reserved 1056768K
  class space    used 569K, capacity 616K, committed 640K, reserved 1048576K
Event: 3,112 GC heap after
Heap after GC invocations=4 (full 0):
 PSYoungGen      total 53248K, used 2040K [0x00000000eab00000, 0x00000000ee100000, 0x0000000100000000)
  eden space 51200K, 0% used [0x00000000eab00000,0x00000000eab00000,0x00000000edd00000)
  from space 2048K, 99% used [0x00000000edf00000,0x00000000ee0fe180,0x00000000ee100000)
  to   space 2048K, 0% used [0x00000000edd00000,0x00000000edd00000,0x00000000edf00000)
 ParOldGen       total 34304K, used 10156K [0x00000000c0000000, 0x00000000c2180000, 0x00000000eab00000)
  object space 34304K, 29% used [0x00000000c0000000,0x00000000c09eb1d0,0x00000000c2180000)
 Metaspace       used 5782K, capacity 6832K, committed 7040K, reserved 1056768K
  class space    used 569K, capacity 616K, committed 640K, reserved 1048576K
}
Event: 3,823 GC heap before
{Heap before GC invocations=5 (full 0):
 PSYoungGen      total 53248K, used 53240K [0x00000000eab00000, 0x00000000ee100000, 0x0000000100000000)
  eden space 51200K, 100% used [0x00000000eab00000,0x00000000edd00000,0x00000000edd00000)
  from space 2048K, 99% used [0x00000000edf00000,0x00000000ee0fe180,0x00000000ee100000)
  to   space 2048K, 0% used [0x00000000edd00000,0x00000000edd00000,0x00000000edf00000)
 ParOldGen       total 34304K, used 10156K [0x00000000c0000000, 0x00000000c2180000, 0x00000000eab00000)
  object space 34304K, 29% used [0x00000000c0000000,0x00000000c09eb1d0,0x00000000c2180000)
 Metaspace       used 5828K, capacity 6896K, committed 7040K, reserved 1056768K
  class space    used 569K, capacity 616K, committed 640K, reserved 1048576K
Event: 3,913 GC heap after
Heap after GC invocations=5 (full 0):
 PSYoungGen      total 53248K, used 2039K [0x00000000eab00000, 0x00000000f2400000, 0x0000000100000000)
  eden space 51200K, 0% used [0x00000000eab00000,0x00000000eab00000,0x00000000edd00000)
  from space 2048K, 99% used [0x00000000edd00000,0x00000000edefdf78,0x00000000edf00000)
  to   space 10752K, 0% used [0x00000000f1980000,0x00000000f1980000,0x00000000f2400000)
 ParOldGen       total 34304K, used 17653K [0x00000000c0000000, 0x00000000c2180000, 0x00000000eab00000)
  object space 34304K, 51% used [0x00000000c0000000,0x00000000c113d6e0,0x00000000c2180000)
 Metaspace       used 5828K, capacity 6896K, committed 7040K, reserved 1056768K
  class space    used 569K, capacity 616K, committed 640K, reserved 1048576K
}
Event: 4,618 GC heap before
{Heap before GC invocations=6 (full 0):
 PSYoungGen      total 53248K, used 53239K [0x00000000eab00000, 0x00000000f2400000, 0x0000000100000000)
  eden space 51200K, 100% used [0x00000000eab00000,0x00000000edd00000,0x00000000edd00000)
  from space 2048K, 99% used [0x00000000edd00000,0x00000000edefdf78,0x00000000edf00000)
  to   space 10752K, 0% used [0x00000000f1980000,0x00000000f1980000,0x00000000f2400000)
 ParOldGen       total 34304K, used 17653K [0x00000000c0000000, 0x00000000c2180000, 0x00000000eab00000)
  object space 34304K, 51% used [0x00000000c0000000,0x00000000c113d6e0,0x00000000c2180000)
 Metaspace       used 5953K, capacity 7024K, committed 7296K, reserved 1056768K
  class space    used 569K, capacity 616K, committed 640K, reserved 1048576K
Event: 4,728 GC heap after
Heap after GC invocations=6 (full 0):
 PSYoungGen      total 111104K, used 10237K [0x00000000eab00000, 0x00000000f2800000, 0x0000000100000000)
  eden space 100352K, 0% used [0x00000000eab00000,0x00000000eab00000,0x00000000f0d00000)
  from space 10752K, 95% used [0x00000000f1980000,0x00000000f237f408,0x00000000f2400000)
  to   space 12800K, 0% used [0x00000000f0d00000,0x00000000f0d00000,0x00000000f1980000)
 ParOldGen       total 34304K, used 17653K [0x00000000c0000000, 0x00000000c2180000, 0x00000000eab00000)
  object space 34304K, 51% used [0x00000000c0000000,0x00000000c113d6e0,0x00000000c2180000)
 Metaspace       used 5953K, capacity 7024K, committed 7296K, reserved 1056768K
  class space    used 569K, capacity 616K, committed 640K, reserved 1048576K
}
Event: 6,617 GC heap before
{Heap before GC invocations=7 (full 0):
 PSYoungGen      total 111104K, used 110589K [0x00000000eab00000, 0x00000000f2800000, 0x0000000100000000)
  eden space 100352K, 100% used [0x00000000eab00000,0x00000000f0d00000,0x00000000f0d00000)
  from space 10752K, 95% used [0x00000000f1980000,0x00000000f237f408,0x00000000f2400000)
  to   space 12800K, 0% used [0x00000000f0d00000,0x00000000f0d00000,0x00000000f1980000)
 ParOldGen       total 34304K, used 17653K [0x00000000c0000000, 0x00000000c2180000, 0x00000000eab00000)
  object space 34304K, 51% used [0x00000000c0000000,0x00000000c113d6e0,0x00000000c2180000)
 Metaspace       used 6176K, capacity 7088K, committed 7296K, reserved 1056768K
  class space    used 588K, capacity 616K, committed 640K, reserved 1048576K

